<?xml version="1.0" encoding="UTF-8"?>
<testsuites name="New Test Suite (1)" time="26.134" tests="3" failures="0" errors="0">
   <testsuite name="New Test Suite (1)" tests="3" failures="0" errors="0" time="26.134" skipped="0" timestamp="11-07-2024T15:11:13" hostname="mohammedjabir - localhost" id="Test Suites/New Test Suite (1)">
      <properties>
         <property name="deviceName" value=""/>
         <property name="devicePlatform"/>
         <property name="logFolder" value="/Users/mohammedjabir/git/Test1/Reports/20240711_151100/New Test Suite (1)/20240711_151103"/>
         <property name="logFiles" value="/Users/mohammedjabir/git/Test1/Reports/20240711_151100/New Test Suite (1)/20240711_151103/execution0.log"/>
         <property name="attachments" value=""/>
         <property name="hostName" value="mohammedjabir - localhost"/>
         <property name="os" value="Mac OS X 64bit"/>
         <property name="katalonVersion" value="9.6.0.217"/>
         <property name="browser" value="Chrome 126.0.0.0"/>
         <property name="hostAddress" value="127.0.0.1"/>
         <property name="sessionId" value="b520e4fbb753e224ea17d79870c8ab02"/>
         <property name="seleniumVersion" value="3.141.59"/>
         <property name="proxyInformation" value="ProxyInformation { proxyOption=NO_PROXY, proxyServerType=HTTP, username=, password=********, proxyServerAddress=, proxyServerPort=0, executionList=&quot;&quot;, isApplyToDesiredCapabilities=true }"/>
         <property name="platform" value="Mac OS X"/>
      </properties>
      <testcase name="Test Cases/Test1" time="14.503" classname="Test Cases/Test1" status="PASSED">
         <system-out><![CDATA[11-07-2024T15:11:13 - [TEST_CASE][PASSED] - Test Cases/Test1: Test Cases/Test1

11-07-2024T15:11:13 - [TEST_STEP][PASSED] - openBrowser(""): Browser is opened with url: ''

11-07-2024T15:11:14 - [MESSAGE][INFO] - Starting 'Chrome' driver

11-07-2024T15:11:14 - [MESSAGE][INFO] - Action delay is set to 0 milliseconds

11-07-2024T15:11:14 - [MESSAGE][PASSED] - Browser is opened with url: ''

11-07-2024T15:11:14 - [TEST_STEP][PASSED] - navigateToUrl("https://katalon-demo-cura.herokuapp.com/"): Navigate to 'https://katalon-demo-cura.herokuapp.com/' successfully

11-07-2024T15:11:15 - [MESSAGE][PASSED] - Navigate to 'https://katalon-demo-cura.herokuapp.com/' successfully

11-07-2024T15:11:15 - [TEST_STEP][PASSED] - click(findTestObject("Object Repository/Test1/Page_CURA Healthcare Service/a_Make Appointment")): Object: 'Object Repository/Test1/Page_CURA Healthcare Service/a_Make Appointment' is clicked on

11-07-2024T15:11:19 - [MESSAGE][PASSED] - Object: 'Object Repository/Test1/Page_CURA Healthcare Service/a_Make Appointment' is clicked on

11-07-2024T15:11:19 - [TEST_STEP][PASSED] - click(findTestObject("Object Repository/Test1/Page_CURA Healthcare Service/div_Login                Please login to ma_c5c214")): Object: 'Object Repository/Test1/Page_CURA Healthcare Service/div_Login                Please login to ma_c5c214' is clicked on

11-07-2024T15:11:21 - [MESSAGE][PASSED] - Object: 'Object Repository/Test1/Page_CURA Healthcare Service/div_Login                Please login to ma_c5c214' is clicked on

11-07-2024T15:11:21 - [TEST_STEP][PASSED] - doubleClick(findTestObject("Object Repository/Test1/Page_CURA Healthcare Service/p_Please login to make appointment")): Object: 'Object Repository/Test1/Page_CURA Healthcare Service/p_Please login to make appointment' is double clicked on

11-07-2024T15:11:24 - [MESSAGE][PASSED] - Object: 'Object Repository/Test1/Page_CURA Healthcare Service/p_Please login to make appointment' is double clicked on

11-07-2024T15:11:24 - [TEST_STEP][PASSED] - click(findTestObject("Object Repository/Test1/Page_CURA Healthcare Service/p_Please login to make appointment")): Object: 'Object Repository/Test1/Page_CURA Healthcare Service/p_Please login to make appointment' is clicked on

11-07-2024T15:11:26 - [MESSAGE][PASSED] - Object: 'Object Repository/Test1/Page_CURA Healthcare Service/p_Please login to make appointment' is clicked on

11-07-2024T15:11:26 - [TEST_STEP][PASSED] - verifyElementText(findTestObject("Object Repository/Test1/Page_CURA Healthcare Service/p_Please login to make appointment"), "Please login to make appointment."): Actual text and expected text of test object 'Object Repository/Test1/Page_CURA Healthcare Service/p_Please login to make appointment' are matched.

11-07-2024T15:11:28 - [MESSAGE][PASSED] - Actual text and expected text of test object 'Object Repository/Test1/Page_CURA Healthcare Service/p_Please login to make appointment' are matched.

11-07-2024T15:11:28 - [TEST_STEP][PASSED] - closeBrowser(): Browser is closed

11-07-2024T15:11:28 - [MESSAGE][PASSED] - Browser is closed]]></system-out>
         <system-err><![CDATA[]]></system-err>
      </testcase>
      <testcase name="Test Cases/Test" time="7.156" classname="Test Cases/Test" status="PASSED">
         <system-out><![CDATA[11-07-2024T15:11:28 - [TEST_CASE][PASSED] - Test Cases/Test: Test Cases/Test

11-07-2024T15:11:28 - [TEST_STEP][PASSED] - openBrowser(""): Browser is opened with url: ''

11-07-2024T15:11:28 - [MESSAGE][INFO] - Starting 'Chrome' driver

11-07-2024T15:11:28 - [MESSAGE][INFO] - Action delay is set to 0 milliseconds

11-07-2024T15:11:29 - [MESSAGE][PASSED] - Browser is opened with url: ''

11-07-2024T15:11:29 - [TEST_STEP][PASSED] - navigateToUrl("https://katalon-demo-cura.herokuapp.com/"): Navigate to 'https://katalon-demo-cura.herokuapp.com/' successfully

11-07-2024T15:11:31 - [MESSAGE][PASSED] - Navigate to 'https://katalon-demo-cura.herokuapp.com/' successfully

11-07-2024T15:11:31 - [TEST_STEP][PASSED] - click(findTestObject("Object Repository/Page_CURA Healthcare Service/a_Make Appointment")): Object: 'Object Repository/Page_CURA Healthcare Service/a_Make Appointment' is clicked on

11-07-2024T15:11:31 - [MESSAGE][PASSED] - Object: 'Object Repository/Page_CURA Healthcare Service/a_Make Appointment' is clicked on

11-07-2024T15:11:31 - [TEST_STEP][PASSED] - setText(findTestObject("Object Repository/Page_CURA Healthcare Service/input_Username_username"), "John Doe"): Text 'John Doe' is set on object 'Object Repository/Page_CURA Healthcare Service/input_Username_username'

11-07-2024T15:11:32 - [MESSAGE][PASSED] - Text 'John Doe' is set on object 'Object Repository/Page_CURA Healthcare Service/input_Username_username'

11-07-2024T15:11:32 - [TEST_STEP][PASSED] - setEncryptedText(findTestObject("Object Repository/Page_CURA Healthcare Service/input_Password_password"), "g3/DOGG74jC3Flrr3yH+3D/yKbOqqUNM"): Text ****** has been set on object 'Object Repository/Page_CURA Healthcare Service/input_Password_password'

11-07-2024T15:11:32 - [MESSAGE][PASSED] - Text ****** has been set on object 'Object Repository/Page_CURA Healthcare Service/input_Password_password'

11-07-2024T15:11:32 - [TEST_STEP][PASSED] - click(findTestObject("Object Repository/Page_CURA Healthcare Service/button_Login")): Object: 'Object Repository/Page_CURA Healthcare Service/button_Login' is clicked on

11-07-2024T15:11:33 - [MESSAGE][PASSED] - Object: 'Object Repository/Page_CURA Healthcare Service/button_Login' is clicked on

11-07-2024T15:11:33 - [TEST_STEP][PASSED] - click(findTestObject("Object Repository/Page_CURA Healthcare Service/h2_Make Appointment")): Object: 'Object Repository/Page_CURA Healthcare Service/h2_Make Appointment' is clicked on

11-07-2024T15:11:34 - [MESSAGE][PASSED] - Object: 'Object Repository/Page_CURA Healthcare Service/h2_Make Appointment' is clicked on

11-07-2024T15:11:34 - [TEST_STEP][PASSED] - click(findTestObject("Object Repository/Page_CURA Healthcare Service/h2_Make Appointment")): Object: 'Object Repository/Page_CURA Healthcare Service/h2_Make Appointment' is clicked on

11-07-2024T15:11:34 - [MESSAGE][PASSED] - Object: 'Object Repository/Page_CURA Healthcare Service/h2_Make Appointment' is clicked on

11-07-2024T15:11:34 - [TEST_STEP][PASSED] - click(findTestObject("Object Repository/Page_CURA Healthcare Service/h2_Make Appointment")): Object: 'Object Repository/Page_CURA Healthcare Service/h2_Make Appointment' is clicked on

11-07-2024T15:11:34 - [MESSAGE][PASSED] - Object: 'Object Repository/Page_CURA Healthcare Service/h2_Make Appointment' is clicked on

11-07-2024T15:11:34 - [TEST_STEP][PASSED] - click(findTestObject("Object Repository/Page_CURA Healthcare Service/h2_Make Appointment")): Object: 'Object Repository/Page_CURA Healthcare Service/h2_Make Appointment' is clicked on

11-07-2024T15:11:35 - [MESSAGE][PASSED] - Object: 'Object Repository/Page_CURA Healthcare Service/h2_Make Appointment' is clicked on

11-07-2024T15:11:35 - [TEST_STEP][PASSED] - verifyElementText(findTestObject("Object Repository/Page_CURA Healthcare Service/h2_Make Appointment"), "Make Appointment"): Actual text and expected text of test object 'Object Repository/Page_CURA Healthcare Service/h2_Make Appointment' are matched.

11-07-2024T15:11:35 - [MESSAGE][PASSED] - Actual text and expected text of test object 'Object Repository/Page_CURA Healthcare Service/h2_Make Appointment' are matched.

11-07-2024T15:11:35 - [TEST_STEP][PASSED] - closeBrowser(): Browser is closed

11-07-2024T15:11:35 - [MESSAGE][PASSED] - Browser is closed]]></system-out>
         <system-err><![CDATA[]]></system-err>
      </testcase>
      <testcase name="Test Cases/Test2" time="4.401" classname="Test Cases/Test2" status="PASSED">
         <system-out><![CDATA[11-07-2024T15:11:35 - [TEST_CASE][PASSED] - Test Cases/Test2: Test Cases/Test2

11-07-2024T15:11:35 - [TEST_STEP][PASSED] - openBrowser(""): Browser is opened with url: ''

11-07-2024T15:11:35 - [MESSAGE][INFO] - Starting 'Chrome' driver

11-07-2024T15:11:35 - [MESSAGE][INFO] - Action delay is set to 0 milliseconds

11-07-2024T15:11:36 - [MESSAGE][PASSED] - Browser is opened with url: ''

11-07-2024T15:11:36 - [TEST_STEP][PASSED] - navigateToUrl("https://katalon-demo-cura.herokuapp.com///"): Navigate to 'https://katalon-demo-cura.herokuapp.com///' successfully

11-07-2024T15:11:38 - [MESSAGE][PASSED] - Navigate to 'https://katalon-demo-cura.herokuapp.com///' successfully

11-07-2024T15:11:38 - [TEST_STEP][PASSED] - switchToWindowTitle("CURA Healthcare Service"): Switched to window with title: 'CURA Healthcare Service'

11-07-2024T15:11:38 - [MESSAGE][PASSED] - Switched to window with title: 'CURA Healthcare Service'

11-07-2024T15:11:38 - [TEST_STEP][PASSED] - click(findTestObject("Object Repository/Test3/Page_CURA Healthcare Service/a_Make Appointment")): Object: 'Object Repository/Test3/Page_CURA Healthcare Service/a_Make Appointment' is clicked on

11-07-2024T15:11:38 - [MESSAGE][PASSED] - Object: 'Object Repository/Test3/Page_CURA Healthcare Service/a_Make Appointment' is clicked on

11-07-2024T15:11:38 - [TEST_STEP][PASSED] - doubleClick(findTestObject("Object Repository/Test3/Page_CURA Healthcare Service/p_Please login to make appointment")): Object: 'Object Repository/Test3/Page_CURA Healthcare Service/p_Please login to make appointment' is double clicked on

11-07-2024T15:11:39 - [MESSAGE][PASSED] - Object: 'Object Repository/Test3/Page_CURA Healthcare Service/p_Please login to make appointment' is double clicked on

11-07-2024T15:11:39 - [TEST_STEP][PASSED] - verifyElementPresent(findTestObject("Object Repository/Test3/Page_CURA Healthcare Service/p_Please login to make appointment"), 0): Object 'Object Repository/Test3/Page_CURA Healthcare Service/p_Please login to make appointment' is present

11-07-2024T15:11:39 - [MESSAGE][WARNING] - Timeout '0' is invalid. Using default page load timeout: '30'

11-07-2024T15:11:39 - [MESSAGE][PASSED] - Object 'Object Repository/Test3/Page_CURA Healthcare Service/p_Please login to make appointment' is present

11-07-2024T15:11:39 - [TEST_STEP][PASSED] - closeBrowser(): Browser is closed

11-07-2024T15:11:39 - [MESSAGE][PASSED] - Browser is closed]]></system-out>
         <system-err><![CDATA[]]></system-err>
      </testcase>
      <system-out><![CDATA[11-07-2024T15:11:13 - [TEST_SUITE][PASSED] - New Test Suite (1): Test Cases/Test2]]></system-out>
      <system-err><![CDATA[]]></system-err>
   </testsuite>
</testsuites>
